[2025-05-25T19:41:05.318+0000] {taskinstance.py:1125} INFO - Dependencies all met for dep_context=non-requeueable deps ti=<TaskInstance: data_pipeline.load_raw_batch scheduled__2025-05-01T00:00:00+00:00 [queued]>
[2025-05-25T19:41:05.333+0000] {taskinstance.py:1125} INFO - Dependencies all met for dep_context=requeueable deps ti=<TaskInstance: data_pipeline.load_raw_batch scheduled__2025-05-01T00:00:00+00:00 [queued]>
[2025-05-25T19:41:05.333+0000] {taskinstance.py:1331} INFO - Starting attempt 1 of 2
[2025-05-25T19:41:05.354+0000] {taskinstance.py:1350} INFO - Executing <Task(PythonOperator): load_raw_batch> on 2025-05-01 00:00:00+00:00
[2025-05-25T19:41:05.374+0000] {standard_task_runner.py:57} INFO - Started process 321 to run task
[2025-05-25T19:41:05.389+0000] {standard_task_runner.py:84} INFO - Running: ['***', 'tasks', 'run', 'data_pipeline', 'load_raw_batch', 'scheduled__2025-05-01T00:00:00+00:00', '--job-id', '7', '--raw', '--subdir', 'DAGS_FOLDER/data_pipeline.py', '--cfg-path', '/tmp/tmpdwjb3gbb']
[2025-05-25T19:41:05.396+0000] {standard_task_runner.py:85} INFO - Job 7: Subtask load_raw_batch
[2025-05-25T19:41:05.509+0000] {task_command.py:410} INFO - Running <TaskInstance: data_pipeline.load_raw_batch scheduled__2025-05-01T00:00:00+00:00 [running]> on host 65cea7b09e55
[2025-05-25T19:41:05.652+0000] {taskinstance.py:1568} INFO - Exporting env vars: AIRFLOW_CTX_DAG_OWNER='***' AIRFLOW_CTX_DAG_ID='data_pipeline' AIRFLOW_CTX_TASK_ID='load_raw_batch' AIRFLOW_CTX_EXECUTION_DATE='2025-05-01T00:00:00+00:00' AIRFLOW_CTX_TRY_NUMBER='1' AIRFLOW_CTX_DAG_RUN_ID='scheduled__2025-05-01T00:00:00+00:00'
[2025-05-25T19:41:20.827+0000] {python.py:183} INFO - Done. Returned value was: None
[2025-05-25T19:41:20.853+0000] {taskinstance.py:1368} INFO - Marking task as SUCCESS. dag_id=data_pipeline, task_id=load_raw_batch, execution_date=20250501T000000, start_date=20250525T194105, end_date=20250525T194120
[2025-05-25T19:41:20.920+0000] {local_task_job_runner.py:232} INFO - Task exited with return code 0
[2025-05-25T19:41:20.964+0000] {taskinstance.py:2674} INFO - 0 downstream tasks scheduled from follow-on schedule check
[2025-05-26T03:36:11.925+0000] {taskinstance.py:1125} INFO - Dependencies all met for dep_context=non-requeueable deps ti=<TaskInstance: data_pipeline.load_raw_batch scheduled__2025-05-01T00:00:00+00:00 [queued]>
[2025-05-26T03:36:11.952+0000] {taskinstance.py:1125} INFO - Dependencies all met for dep_context=requeueable deps ti=<TaskInstance: data_pipeline.load_raw_batch scheduled__2025-05-01T00:00:00+00:00 [queued]>
[2025-05-26T03:36:11.953+0000] {taskinstance.py:1331} INFO - Starting attempt 1 of 2
[2025-05-26T03:36:11.993+0000] {taskinstance.py:1350} INFO - Executing <Task(PythonOperator): load_raw_batch> on 2025-05-01 00:00:00+00:00
[2025-05-26T03:36:12.015+0000] {standard_task_runner.py:57} INFO - Started process 6428 to run task
[2025-05-26T03:36:12.032+0000] {standard_task_runner.py:84} INFO - Running: ['***', 'tasks', 'run', 'data_pipeline', 'load_raw_batch', 'scheduled__2025-05-01T00:00:00+00:00', '--job-id', '12', '--raw', '--subdir', 'DAGS_FOLDER/data_pipeline.py', '--cfg-path', '/tmp/tmp2xd2oi8t']
[2025-05-26T03:36:12.037+0000] {standard_task_runner.py:85} INFO - Job 12: Subtask load_raw_batch
[2025-05-26T03:36:12.161+0000] {task_command.py:410} INFO - Running <TaskInstance: data_pipeline.load_raw_batch scheduled__2025-05-01T00:00:00+00:00 [running]> on host 65cea7b09e55
[2025-05-26T03:36:12.344+0000] {taskinstance.py:1568} INFO - Exporting env vars: AIRFLOW_CTX_DAG_OWNER='***' AIRFLOW_CTX_DAG_ID='data_pipeline' AIRFLOW_CTX_TASK_ID='load_raw_batch' AIRFLOW_CTX_EXECUTION_DATE='2025-05-01T00:00:00+00:00' AIRFLOW_CTX_TRY_NUMBER='1' AIRFLOW_CTX_DAG_RUN_ID='scheduled__2025-05-01T00:00:00+00:00'
[2025-05-26T03:36:24.522+0000] {python.py:183} INFO - Done. Returned value was: None
[2025-05-26T03:36:24.546+0000] {taskinstance.py:1368} INFO - Marking task as SUCCESS. dag_id=data_pipeline, task_id=load_raw_batch, execution_date=20250501T000000, start_date=20250526T033611, end_date=20250526T033624
[2025-05-26T03:36:24.605+0000] {local_task_job_runner.py:232} INFO - Task exited with return code 0
[2025-05-26T03:36:24.657+0000] {taskinstance.py:2674} INFO - 1 downstream tasks scheduled from follow-on schedule check
[2025-05-26T03:37:54.930+0000] {taskinstance.py:1125} INFO - Dependencies all met for dep_context=non-requeueable deps ti=<TaskInstance: data_pipeline.load_raw_batch scheduled__2025-05-01T00:00:00+00:00 [queued]>
[2025-05-26T03:37:54.956+0000] {taskinstance.py:1125} INFO - Dependencies all met for dep_context=requeueable deps ti=<TaskInstance: data_pipeline.load_raw_batch scheduled__2025-05-01T00:00:00+00:00 [queued]>
[2025-05-26T03:37:54.957+0000] {taskinstance.py:1331} INFO - Starting attempt 1 of 2
[2025-05-26T03:37:54.983+0000] {taskinstance.py:1350} INFO - Executing <Task(PythonOperator): load_raw_batch> on 2025-05-01 00:00:00+00:00
[2025-05-26T03:37:54.999+0000] {standard_task_runner.py:57} INFO - Started process 6463 to run task
[2025-05-26T03:37:55.011+0000] {standard_task_runner.py:84} INFO - Running: ['***', 'tasks', 'run', 'data_pipeline', 'load_raw_batch', 'scheduled__2025-05-01T00:00:00+00:00', '--job-id', '17', '--raw', '--subdir', 'DAGS_FOLDER/data_pipeline.py', '--cfg-path', '/tmp/tmpjr5t21ag']
[2025-05-26T03:37:55.016+0000] {standard_task_runner.py:85} INFO - Job 17: Subtask load_raw_batch
[2025-05-26T03:37:55.121+0000] {task_command.py:410} INFO - Running <TaskInstance: data_pipeline.load_raw_batch scheduled__2025-05-01T00:00:00+00:00 [running]> on host 65cea7b09e55
[2025-05-26T03:37:55.286+0000] {taskinstance.py:1568} INFO - Exporting env vars: AIRFLOW_CTX_DAG_OWNER='***' AIRFLOW_CTX_DAG_ID='data_pipeline' AIRFLOW_CTX_TASK_ID='load_raw_batch' AIRFLOW_CTX_EXECUTION_DATE='2025-05-01T00:00:00+00:00' AIRFLOW_CTX_TRY_NUMBER='1' AIRFLOW_CTX_DAG_RUN_ID='scheduled__2025-05-01T00:00:00+00:00'
[2025-05-26T03:38:10.325+0000] {python.py:183} INFO - Done. Returned value was: None
[2025-05-26T03:38:10.359+0000] {taskinstance.py:1368} INFO - Marking task as SUCCESS. dag_id=data_pipeline, task_id=load_raw_batch, execution_date=20250501T000000, start_date=20250526T033754, end_date=20250526T033810
[2025-05-26T03:38:10.437+0000] {local_task_job_runner.py:232} INFO - Task exited with return code 0
[2025-05-26T03:38:10.493+0000] {taskinstance.py:2674} INFO - 0 downstream tasks scheduled from follow-on schedule check
[2025-05-26T03:41:07.057+0000] {taskinstance.py:1125} INFO - Dependencies all met for dep_context=non-requeueable deps ti=<TaskInstance: data_pipeline.load_raw_batch scheduled__2025-05-01T00:00:00+00:00 [queued]>
[2025-05-26T03:41:07.077+0000] {taskinstance.py:1125} INFO - Dependencies all met for dep_context=requeueable deps ti=<TaskInstance: data_pipeline.load_raw_batch scheduled__2025-05-01T00:00:00+00:00 [queued]>
[2025-05-26T03:41:07.078+0000] {taskinstance.py:1331} INFO - Starting attempt 1 of 2
[2025-05-26T03:41:07.100+0000] {taskinstance.py:1350} INFO - Executing <Task(PythonOperator): load_raw_batch> on 2025-05-01 00:00:00+00:00
[2025-05-26T03:41:07.118+0000] {standard_task_runner.py:57} INFO - Started process 6515 to run task
[2025-05-26T03:41:07.126+0000] {standard_task_runner.py:84} INFO - Running: ['***', 'tasks', 'run', 'data_pipeline', 'load_raw_batch', 'scheduled__2025-05-01T00:00:00+00:00', '--job-id', '23', '--raw', '--subdir', 'DAGS_FOLDER/data_pipeline.py', '--cfg-path', '/tmp/tmp4w59jnjh']
[2025-05-26T03:41:07.132+0000] {standard_task_runner.py:85} INFO - Job 23: Subtask load_raw_batch
[2025-05-26T03:41:07.261+0000] {task_command.py:410} INFO - Running <TaskInstance: data_pipeline.load_raw_batch scheduled__2025-05-01T00:00:00+00:00 [running]> on host 65cea7b09e55
[2025-05-26T03:41:07.448+0000] {taskinstance.py:1568} INFO - Exporting env vars: AIRFLOW_CTX_DAG_OWNER='***' AIRFLOW_CTX_DAG_ID='data_pipeline' AIRFLOW_CTX_TASK_ID='load_raw_batch' AIRFLOW_CTX_EXECUTION_DATE='2025-05-01T00:00:00+00:00' AIRFLOW_CTX_TRY_NUMBER='1' AIRFLOW_CTX_DAG_RUN_ID='scheduled__2025-05-01T00:00:00+00:00'
[2025-05-26T03:41:45.024+0000] {python.py:183} INFO - Done. Returned value was: None
[2025-05-26T03:41:45.051+0000] {taskinstance.py:1368} INFO - Marking task as SUCCESS. dag_id=data_pipeline, task_id=load_raw_batch, execution_date=20250501T000000, start_date=20250526T034107, end_date=20250526T034145
[2025-05-26T03:41:45.143+0000] {local_task_job_runner.py:232} INFO - Task exited with return code 0
[2025-05-26T03:41:45.204+0000] {taskinstance.py:2674} INFO - 1 downstream tasks scheduled from follow-on schedule check
[2025-05-26T03:49:12.781+0000] {taskinstance.py:1125} INFO - Dependencies all met for dep_context=non-requeueable deps ti=<TaskInstance: data_pipeline.load_raw_batch scheduled__2025-05-01T00:00:00+00:00 [queued]>
[2025-05-26T03:49:12.797+0000] {taskinstance.py:1125} INFO - Dependencies all met for dep_context=requeueable deps ti=<TaskInstance: data_pipeline.load_raw_batch scheduled__2025-05-01T00:00:00+00:00 [queued]>
[2025-05-26T03:49:12.797+0000] {taskinstance.py:1331} INFO - Starting attempt 1 of 2
[2025-05-26T03:49:12.820+0000] {taskinstance.py:1350} INFO - Executing <Task(PythonOperator): load_raw_batch> on 2025-05-01 00:00:00+00:00
[2025-05-26T03:49:12.839+0000] {standard_task_runner.py:57} INFO - Started process 6656 to run task
[2025-05-26T03:49:12.852+0000] {standard_task_runner.py:84} INFO - Running: ['***', 'tasks', 'run', 'data_pipeline', 'load_raw_batch', 'scheduled__2025-05-01T00:00:00+00:00', '--job-id', '30', '--raw', '--subdir', 'DAGS_FOLDER/data_pipeline.py', '--cfg-path', '/tmp/tmp21ylky6v']
[2025-05-26T03:49:12.859+0000] {standard_task_runner.py:85} INFO - Job 30: Subtask load_raw_batch
[2025-05-26T03:49:12.953+0000] {task_command.py:410} INFO - Running <TaskInstance: data_pipeline.load_raw_batch scheduled__2025-05-01T00:00:00+00:00 [running]> on host 65cea7b09e55
[2025-05-26T03:49:13.078+0000] {taskinstance.py:1568} INFO - Exporting env vars: AIRFLOW_CTX_DAG_OWNER='***' AIRFLOW_CTX_DAG_ID='data_pipeline' AIRFLOW_CTX_TASK_ID='load_raw_batch' AIRFLOW_CTX_EXECUTION_DATE='2025-05-01T00:00:00+00:00' AIRFLOW_CTX_TRY_NUMBER='1' AIRFLOW_CTX_DAG_RUN_ID='scheduled__2025-05-01T00:00:00+00:00'
[2025-05-26T03:49:13.767+0000] {python.py:183} INFO - Done. Returned value was: None
[2025-05-26T03:49:13.791+0000] {taskinstance.py:1368} INFO - Marking task as SUCCESS. dag_id=data_pipeline, task_id=load_raw_batch, execution_date=20250501T000000, start_date=20250526T034912, end_date=20250526T034913
[2025-05-26T03:49:13.863+0000] {local_task_job_runner.py:232} INFO - Task exited with return code 0
[2025-05-26T03:49:13.922+0000] {taskinstance.py:2674} INFO - 1 downstream tasks scheduled from follow-on schedule check
[2025-05-26T03:57:32.858+0000] {taskinstance.py:1125} INFO - Dependencies all met for dep_context=non-requeueable deps ti=<TaskInstance: data_pipeline.load_raw_batch scheduled__2025-05-01T00:00:00+00:00 [queued]>
[2025-05-26T03:57:32.873+0000] {taskinstance.py:1125} INFO - Dependencies all met for dep_context=requeueable deps ti=<TaskInstance: data_pipeline.load_raw_batch scheduled__2025-05-01T00:00:00+00:00 [queued]>
[2025-05-26T03:57:32.874+0000] {taskinstance.py:1331} INFO - Starting attempt 1 of 2
[2025-05-26T03:57:32.891+0000] {taskinstance.py:1350} INFO - Executing <Task(PythonOperator): load_raw_batch> on 2025-05-01 00:00:00+00:00
[2025-05-26T03:57:32.909+0000] {standard_task_runner.py:57} INFO - Started process 6817 to run task
[2025-05-26T03:57:32.919+0000] {standard_task_runner.py:84} INFO - Running: ['***', 'tasks', 'run', 'data_pipeline', 'load_raw_batch', 'scheduled__2025-05-01T00:00:00+00:00', '--job-id', '37', '--raw', '--subdir', 'DAGS_FOLDER/data_pipeline.py', '--cfg-path', '/tmp/tmpybtpqli9']
[2025-05-26T03:57:32.925+0000] {standard_task_runner.py:85} INFO - Job 37: Subtask load_raw_batch
[2025-05-26T03:57:33.011+0000] {task_command.py:410} INFO - Running <TaskInstance: data_pipeline.load_raw_batch scheduled__2025-05-01T00:00:00+00:00 [running]> on host 65cea7b09e55
[2025-05-26T03:57:33.144+0000] {taskinstance.py:1568} INFO - Exporting env vars: AIRFLOW_CTX_DAG_OWNER='***' AIRFLOW_CTX_DAG_ID='data_pipeline' AIRFLOW_CTX_TASK_ID='load_raw_batch' AIRFLOW_CTX_EXECUTION_DATE='2025-05-01T00:00:00+00:00' AIRFLOW_CTX_TRY_NUMBER='1' AIRFLOW_CTX_DAG_RUN_ID='scheduled__2025-05-01T00:00:00+00:00'
[2025-05-26T03:58:24.807+0000] {python.py:183} INFO - Done. Returned value was: None
[2025-05-26T03:58:24.830+0000] {taskinstance.py:1368} INFO - Marking task as SUCCESS. dag_id=data_pipeline, task_id=load_raw_batch, execution_date=20250501T000000, start_date=20250526T035732, end_date=20250526T035824
[2025-05-26T03:58:24.923+0000] {local_task_job_runner.py:232} INFO - Task exited with return code 0
[2025-05-26T03:58:24.981+0000] {taskinstance.py:2674} INFO - 1 downstream tasks scheduled from follow-on schedule check
[2025-05-26T04:05:33.067+0000] {taskinstance.py:1125} INFO - Dependencies all met for dep_context=non-requeueable deps ti=<TaskInstance: data_pipeline.load_raw_batch scheduled__2025-05-01T00:00:00+00:00 [queued]>
[2025-05-26T04:05:33.087+0000] {taskinstance.py:1125} INFO - Dependencies all met for dep_context=requeueable deps ti=<TaskInstance: data_pipeline.load_raw_batch scheduled__2025-05-01T00:00:00+00:00 [queued]>
[2025-05-26T04:05:33.087+0000] {taskinstance.py:1331} INFO - Starting attempt 1 of 2
[2025-05-26T04:05:33.108+0000] {taskinstance.py:1350} INFO - Executing <Task(PythonOperator): load_raw_batch> on 2025-05-01 00:00:00+00:00
[2025-05-26T04:05:33.130+0000] {standard_task_runner.py:57} INFO - Started process 97 to run task
[2025-05-26T04:05:33.140+0000] {standard_task_runner.py:84} INFO - Running: ['***', 'tasks', 'run', 'data_pipeline', 'load_raw_batch', 'scheduled__2025-05-01T00:00:00+00:00', '--job-id', '5', '--raw', '--subdir', 'DAGS_FOLDER/data_pipeline.py', '--cfg-path', '/tmp/tmpmcqo667k']
[2025-05-26T04:05:33.149+0000] {standard_task_runner.py:85} INFO - Job 5: Subtask load_raw_batch
[2025-05-26T04:05:33.314+0000] {task_command.py:410} INFO - Running <TaskInstance: data_pipeline.load_raw_batch scheduled__2025-05-01T00:00:00+00:00 [running]> on host 419e61ae62e7
[2025-05-26T04:05:33.490+0000] {taskinstance.py:1568} INFO - Exporting env vars: AIRFLOW_CTX_DAG_OWNER='***' AIRFLOW_CTX_DAG_ID='data_pipeline' AIRFLOW_CTX_TASK_ID='load_raw_batch' AIRFLOW_CTX_EXECUTION_DATE='2025-05-01T00:00:00+00:00' AIRFLOW_CTX_TRY_NUMBER='1' AIRFLOW_CTX_DAG_RUN_ID='scheduled__2025-05-01T00:00:00+00:00'
[2025-05-26T04:05:44.668+0000] {python.py:183} INFO - Done. Returned value was: None
[2025-05-26T04:05:44.699+0000] {taskinstance.py:1368} INFO - Marking task as SUCCESS. dag_id=data_pipeline, task_id=load_raw_batch, execution_date=20250501T000000, start_date=20250526T040533, end_date=20250526T040544
[2025-05-26T04:05:44.774+0000] {local_task_job_runner.py:232} INFO - Task exited with return code 0
[2025-05-26T04:05:44.824+0000] {taskinstance.py:2674} INFO - 1 downstream tasks scheduled from follow-on schedule check
[2025-05-26T04:17:16.110+0000] {taskinstance.py:1125} INFO - Dependencies all met for dep_context=non-requeueable deps ti=<TaskInstance: data_pipeline.load_raw_batch scheduled__2025-05-01T00:00:00+00:00 [queued]>
[2025-05-26T04:17:16.128+0000] {taskinstance.py:1125} INFO - Dependencies all met for dep_context=requeueable deps ti=<TaskInstance: data_pipeline.load_raw_batch scheduled__2025-05-01T00:00:00+00:00 [queued]>
[2025-05-26T04:17:16.129+0000] {taskinstance.py:1331} INFO - Starting attempt 1 of 2
[2025-05-26T04:17:16.153+0000] {taskinstance.py:1350} INFO - Executing <Task(PythonOperator): load_raw_batch> on 2025-05-01 00:00:00+00:00
[2025-05-26T04:17:16.166+0000] {standard_task_runner.py:57} INFO - Started process 301 to run task
[2025-05-26T04:17:16.173+0000] {standard_task_runner.py:84} INFO - Running: ['***', 'tasks', 'run', 'data_pipeline', 'load_raw_batch', 'scheduled__2025-05-01T00:00:00+00:00', '--job-id', '12', '--raw', '--subdir', 'DAGS_FOLDER/data_pipeline.py', '--cfg-path', '/tmp/tmp9914z1rb']
[2025-05-26T04:17:16.179+0000] {standard_task_runner.py:85} INFO - Job 12: Subtask load_raw_batch
[2025-05-26T04:17:16.288+0000] {task_command.py:410} INFO - Running <TaskInstance: data_pipeline.load_raw_batch scheduled__2025-05-01T00:00:00+00:00 [running]> on host 419e61ae62e7
[2025-05-26T04:17:16.446+0000] {taskinstance.py:1568} INFO - Exporting env vars: AIRFLOW_CTX_DAG_OWNER='***' AIRFLOW_CTX_DAG_ID='data_pipeline' AIRFLOW_CTX_TASK_ID='load_raw_batch' AIRFLOW_CTX_EXECUTION_DATE='2025-05-01T00:00:00+00:00' AIRFLOW_CTX_TRY_NUMBER='1' AIRFLOW_CTX_DAG_RUN_ID='scheduled__2025-05-01T00:00:00+00:00'
[2025-05-26T04:17:31.550+0000] {python.py:183} INFO - Done. Returned value was: None
[2025-05-26T04:17:31.573+0000] {taskinstance.py:1368} INFO - Marking task as SUCCESS. dag_id=data_pipeline, task_id=load_raw_batch, execution_date=20250501T000000, start_date=20250526T041716, end_date=20250526T041731
[2025-05-26T04:17:31.634+0000] {local_task_job_runner.py:232} INFO - Task exited with return code 0
[2025-05-26T04:17:31.678+0000] {taskinstance.py:2674} INFO - 1 downstream tasks scheduled from follow-on schedule check
[2025-05-26T04:41:53.731+0000] {taskinstance.py:1125} INFO - Dependencies all met for dep_context=non-requeueable deps ti=<TaskInstance: data_pipeline.load_raw_batch scheduled__2025-05-01T00:00:00+00:00 [queued]>
[2025-05-26T04:41:53.746+0000] {taskinstance.py:1125} INFO - Dependencies all met for dep_context=requeueable deps ti=<TaskInstance: data_pipeline.load_raw_batch scheduled__2025-05-01T00:00:00+00:00 [queued]>
[2025-05-26T04:41:53.746+0000] {taskinstance.py:1331} INFO - Starting attempt 1 of 2
[2025-05-26T04:41:53.769+0000] {taskinstance.py:1350} INFO - Executing <Task(PythonOperator): load_raw_batch> on 2025-05-01 00:00:00+00:00
[2025-05-26T04:41:53.784+0000] {standard_task_runner.py:57} INFO - Started process 665 to run task
[2025-05-26T04:41:53.792+0000] {standard_task_runner.py:84} INFO - Running: ['***', 'tasks', 'run', 'data_pipeline', 'load_raw_batch', 'scheduled__2025-05-01T00:00:00+00:00', '--job-id', '18', '--raw', '--subdir', 'DAGS_FOLDER/data_pipeline.py', '--cfg-path', '/tmp/tmphslpuuts']
[2025-05-26T04:41:53.797+0000] {standard_task_runner.py:85} INFO - Job 18: Subtask load_raw_batch
[2025-05-26T04:41:53.896+0000] {task_command.py:410} INFO - Running <TaskInstance: data_pipeline.load_raw_batch scheduled__2025-05-01T00:00:00+00:00 [running]> on host 419e61ae62e7
[2025-05-26T04:41:54.048+0000] {taskinstance.py:1568} INFO - Exporting env vars: AIRFLOW_CTX_DAG_OWNER='***' AIRFLOW_CTX_DAG_ID='data_pipeline' AIRFLOW_CTX_TASK_ID='load_raw_batch' AIRFLOW_CTX_EXECUTION_DATE='2025-05-01T00:00:00+00:00' AIRFLOW_CTX_TRY_NUMBER='1' AIRFLOW_CTX_DAG_RUN_ID='scheduled__2025-05-01T00:00:00+00:00'
[2025-05-26T04:41:54.066+0000] {taskinstance.py:1454} INFO - API devolvió 400 – ya no hay datos nuevos
[2025-05-26T04:41:54.093+0000] {taskinstance.py:1368} INFO - Marking task as SKIPPED. dag_id=data_pipeline, task_id=load_raw_batch, execution_date=20250501T000000, start_date=20250526T044153, end_date=20250526T044154
[2025-05-26T04:41:54.163+0000] {local_task_job_runner.py:232} INFO - Task exited with return code 0
[2025-05-26T04:41:54.210+0000] {taskinstance.py:2674} INFO - 0 downstream tasks scheduled from follow-on schedule check
