[2025-05-26T03:36:26.026+0000] {taskinstance.py:1125} INFO - Dependencies all met for dep_context=non-requeueable deps ti=<TaskInstance: data_pipeline.create_schema_clean scheduled__2025-05-01T00:00:00+00:00 [queued]>
[2025-05-26T03:36:26.046+0000] {taskinstance.py:1125} INFO - Dependencies all met for dep_context=requeueable deps ti=<TaskInstance: data_pipeline.create_schema_clean scheduled__2025-05-01T00:00:00+00:00 [queued]>
[2025-05-26T03:36:26.047+0000] {taskinstance.py:1331} INFO - Starting attempt 1 of 2
[2025-05-26T03:36:26.063+0000] {taskinstance.py:1350} INFO - Executing <Task(PythonOperator): create_schema_clean> on 2025-05-01 00:00:00+00:00
[2025-05-26T03:36:26.075+0000] {standard_task_runner.py:57} INFO - Started process 6431 to run task
[2025-05-26T03:36:26.085+0000] {standard_task_runner.py:84} INFO - Running: ['***', 'tasks', 'run', 'data_pipeline', 'create_schema_clean', 'scheduled__2025-05-01T00:00:00+00:00', '--job-id', '13', '--raw', '--subdir', 'DAGS_FOLDER/data_pipeline.py', '--cfg-path', '/tmp/tmpon93n5tw']
[2025-05-26T03:36:26.090+0000] {standard_task_runner.py:85} INFO - Job 13: Subtask create_schema_clean
[2025-05-26T03:36:26.200+0000] {task_command.py:410} INFO - Running <TaskInstance: data_pipeline.create_schema_clean scheduled__2025-05-01T00:00:00+00:00 [running]> on host 65cea7b09e55
[2025-05-26T03:36:26.332+0000] {taskinstance.py:1568} INFO - Exporting env vars: AIRFLOW_CTX_DAG_OWNER='***' AIRFLOW_CTX_DAG_ID='data_pipeline' AIRFLOW_CTX_TASK_ID='create_schema_clean' AIRFLOW_CTX_EXECUTION_DATE='2025-05-01T00:00:00+00:00' AIRFLOW_CTX_TRY_NUMBER='1' AIRFLOW_CTX_DAG_RUN_ID='scheduled__2025-05-01T00:00:00+00:00'
[2025-05-26T03:36:26.349+0000] {python.py:183} INFO - Done. Returned value was: None
[2025-05-26T03:36:26.371+0000] {taskinstance.py:1368} INFO - Marking task as SUCCESS. dag_id=data_pipeline, task_id=create_schema_clean, execution_date=20250501T000000, start_date=20250526T033626, end_date=20250526T033626
[2025-05-26T03:36:26.421+0000] {local_task_job_runner.py:232} INFO - Task exited with return code 0
[2025-05-26T03:36:26.487+0000] {taskinstance.py:2674} INFO - 1 downstream tasks scheduled from follow-on schedule check
[2025-05-26T03:38:11.394+0000] {taskinstance.py:1125} INFO - Dependencies all met for dep_context=non-requeueable deps ti=<TaskInstance: data_pipeline.create_schema_clean scheduled__2025-05-01T00:00:00+00:00 [queued]>
[2025-05-26T03:38:11.419+0000] {taskinstance.py:1125} INFO - Dependencies all met for dep_context=requeueable deps ti=<TaskInstance: data_pipeline.create_schema_clean scheduled__2025-05-01T00:00:00+00:00 [queued]>
[2025-05-26T03:38:11.420+0000] {taskinstance.py:1331} INFO - Starting attempt 1 of 2
[2025-05-26T03:38:11.443+0000] {taskinstance.py:1350} INFO - Executing <Task(PythonOperator): create_schema_clean> on 2025-05-01 00:00:00+00:00
[2025-05-26T03:38:11.460+0000] {standard_task_runner.py:57} INFO - Started process 6466 to run task
[2025-05-26T03:38:11.466+0000] {standard_task_runner.py:84} INFO - Running: ['***', 'tasks', 'run', 'data_pipeline', 'create_schema_clean', 'scheduled__2025-05-01T00:00:00+00:00', '--job-id', '18', '--raw', '--subdir', 'DAGS_FOLDER/data_pipeline.py', '--cfg-path', '/tmp/tmpigpofeek']
[2025-05-26T03:38:11.471+0000] {standard_task_runner.py:85} INFO - Job 18: Subtask create_schema_clean
[2025-05-26T03:38:11.570+0000] {task_command.py:410} INFO - Running <TaskInstance: data_pipeline.create_schema_clean scheduled__2025-05-01T00:00:00+00:00 [running]> on host 65cea7b09e55
[2025-05-26T03:38:11.702+0000] {taskinstance.py:1568} INFO - Exporting env vars: AIRFLOW_CTX_DAG_OWNER='***' AIRFLOW_CTX_DAG_ID='data_pipeline' AIRFLOW_CTX_TASK_ID='create_schema_clean' AIRFLOW_CTX_EXECUTION_DATE='2025-05-01T00:00:00+00:00' AIRFLOW_CTX_TRY_NUMBER='1' AIRFLOW_CTX_DAG_RUN_ID='scheduled__2025-05-01T00:00:00+00:00'
[2025-05-26T03:38:11.733+0000] {python.py:183} INFO - Done. Returned value was: None
[2025-05-26T03:38:11.758+0000] {taskinstance.py:1368} INFO - Marking task as SUCCESS. dag_id=data_pipeline, task_id=create_schema_clean, execution_date=20250501T000000, start_date=20250526T033811, end_date=20250526T033811
[2025-05-26T03:38:11.804+0000] {local_task_job_runner.py:232} INFO - Task exited with return code 0
[2025-05-26T03:38:11.856+0000] {taskinstance.py:2674} INFO - 1 downstream tasks scheduled from follow-on schedule check
[2025-05-26T03:41:46.755+0000] {taskinstance.py:1125} INFO - Dependencies all met for dep_context=non-requeueable deps ti=<TaskInstance: data_pipeline.create_schema_clean scheduled__2025-05-01T00:00:00+00:00 [queued]>
[2025-05-26T03:41:46.769+0000] {taskinstance.py:1125} INFO - Dependencies all met for dep_context=requeueable deps ti=<TaskInstance: data_pipeline.create_schema_clean scheduled__2025-05-01T00:00:00+00:00 [queued]>
[2025-05-26T03:41:46.770+0000] {taskinstance.py:1331} INFO - Starting attempt 1 of 2
[2025-05-26T03:41:46.787+0000] {taskinstance.py:1350} INFO - Executing <Task(PythonOperator): create_schema_clean> on 2025-05-01 00:00:00+00:00
[2025-05-26T03:41:46.800+0000] {standard_task_runner.py:57} INFO - Started process 6532 to run task
[2025-05-26T03:41:46.811+0000] {standard_task_runner.py:84} INFO - Running: ['***', 'tasks', 'run', 'data_pipeline', 'create_schema_clean', 'scheduled__2025-05-01T00:00:00+00:00', '--job-id', '24', '--raw', '--subdir', 'DAGS_FOLDER/data_pipeline.py', '--cfg-path', '/tmp/tmptyp65ho6']
[2025-05-26T03:41:46.818+0000] {standard_task_runner.py:85} INFO - Job 24: Subtask create_schema_clean
[2025-05-26T03:41:46.929+0000] {task_command.py:410} INFO - Running <TaskInstance: data_pipeline.create_schema_clean scheduled__2025-05-01T00:00:00+00:00 [running]> on host 65cea7b09e55
[2025-05-26T03:41:47.073+0000] {taskinstance.py:1568} INFO - Exporting env vars: AIRFLOW_CTX_DAG_OWNER='***' AIRFLOW_CTX_DAG_ID='data_pipeline' AIRFLOW_CTX_TASK_ID='create_schema_clean' AIRFLOW_CTX_EXECUTION_DATE='2025-05-01T00:00:00+00:00' AIRFLOW_CTX_TRY_NUMBER='1' AIRFLOW_CTX_DAG_RUN_ID='scheduled__2025-05-01T00:00:00+00:00'
[2025-05-26T03:41:47.095+0000] {python.py:183} INFO - Done. Returned value was: None
[2025-05-26T03:41:47.116+0000] {taskinstance.py:1368} INFO - Marking task as SUCCESS. dag_id=data_pipeline, task_id=create_schema_clean, execution_date=20250501T000000, start_date=20250526T034146, end_date=20250526T034147
[2025-05-26T03:41:47.182+0000] {local_task_job_runner.py:232} INFO - Task exited with return code 0
[2025-05-26T03:41:47.243+0000] {taskinstance.py:2674} INFO - 1 downstream tasks scheduled from follow-on schedule check
[2025-05-26T03:49:16.349+0000] {taskinstance.py:1125} INFO - Dependencies all met for dep_context=non-requeueable deps ti=<TaskInstance: data_pipeline.create_schema_clean scheduled__2025-05-01T00:00:00+00:00 [queued]>
[2025-05-26T03:49:16.366+0000] {taskinstance.py:1125} INFO - Dependencies all met for dep_context=requeueable deps ti=<TaskInstance: data_pipeline.create_schema_clean scheduled__2025-05-01T00:00:00+00:00 [queued]>
[2025-05-26T03:49:16.366+0000] {taskinstance.py:1331} INFO - Starting attempt 1 of 2
[2025-05-26T03:49:16.387+0000] {taskinstance.py:1350} INFO - Executing <Task(PythonOperator): create_schema_clean> on 2025-05-01 00:00:00+00:00
[2025-05-26T03:49:16.403+0000] {standard_task_runner.py:57} INFO - Started process 6664 to run task
[2025-05-26T03:49:16.413+0000] {standard_task_runner.py:84} INFO - Running: ['***', 'tasks', 'run', 'data_pipeline', 'create_schema_clean', 'scheduled__2025-05-01T00:00:00+00:00', '--job-id', '31', '--raw', '--subdir', 'DAGS_FOLDER/data_pipeline.py', '--cfg-path', '/tmp/tmpswstmxxf']
[2025-05-26T03:49:16.419+0000] {standard_task_runner.py:85} INFO - Job 31: Subtask create_schema_clean
[2025-05-26T03:49:16.521+0000] {task_command.py:410} INFO - Running <TaskInstance: data_pipeline.create_schema_clean scheduled__2025-05-01T00:00:00+00:00 [running]> on host 65cea7b09e55
[2025-05-26T03:49:16.636+0000] {taskinstance.py:1568} INFO - Exporting env vars: AIRFLOW_CTX_DAG_OWNER='***' AIRFLOW_CTX_DAG_ID='data_pipeline' AIRFLOW_CTX_TASK_ID='create_schema_clean' AIRFLOW_CTX_EXECUTION_DATE='2025-05-01T00:00:00+00:00' AIRFLOW_CTX_TRY_NUMBER='1' AIRFLOW_CTX_DAG_RUN_ID='scheduled__2025-05-01T00:00:00+00:00'
[2025-05-26T03:49:16.667+0000] {python.py:183} INFO - Done. Returned value was: None
[2025-05-26T03:49:16.685+0000] {taskinstance.py:1368} INFO - Marking task as SUCCESS. dag_id=data_pipeline, task_id=create_schema_clean, execution_date=20250501T000000, start_date=20250526T034916, end_date=20250526T034916
[2025-05-26T03:49:16.743+0000] {local_task_job_runner.py:232} INFO - Task exited with return code 0
[2025-05-26T03:49:16.800+0000] {taskinstance.py:2674} INFO - 1 downstream tasks scheduled from follow-on schedule check
[2025-05-26T03:58:26.949+0000] {taskinstance.py:1125} INFO - Dependencies all met for dep_context=non-requeueable deps ti=<TaskInstance: data_pipeline.create_schema_clean scheduled__2025-05-01T00:00:00+00:00 [queued]>
[2025-05-26T03:58:26.965+0000] {taskinstance.py:1125} INFO - Dependencies all met for dep_context=requeueable deps ti=<TaskInstance: data_pipeline.create_schema_clean scheduled__2025-05-01T00:00:00+00:00 [queued]>
[2025-05-26T03:58:26.965+0000] {taskinstance.py:1331} INFO - Starting attempt 1 of 2
[2025-05-26T03:58:26.985+0000] {taskinstance.py:1350} INFO - Executing <Task(PythonOperator): create_schema_clean> on 2025-05-01 00:00:00+00:00
[2025-05-26T03:58:27.003+0000] {standard_task_runner.py:57} INFO - Started process 6839 to run task
[2025-05-26T03:58:27.012+0000] {standard_task_runner.py:84} INFO - Running: ['***', 'tasks', 'run', 'data_pipeline', 'create_schema_clean', 'scheduled__2025-05-01T00:00:00+00:00', '--job-id', '38', '--raw', '--subdir', 'DAGS_FOLDER/data_pipeline.py', '--cfg-path', '/tmp/tmpx8vlkpa7']
[2025-05-26T03:58:27.017+0000] {standard_task_runner.py:85} INFO - Job 38: Subtask create_schema_clean
[2025-05-26T03:58:27.119+0000] {task_command.py:410} INFO - Running <TaskInstance: data_pipeline.create_schema_clean scheduled__2025-05-01T00:00:00+00:00 [running]> on host 65cea7b09e55
[2025-05-26T03:58:27.261+0000] {taskinstance.py:1568} INFO - Exporting env vars: AIRFLOW_CTX_DAG_OWNER='***' AIRFLOW_CTX_DAG_ID='data_pipeline' AIRFLOW_CTX_TASK_ID='create_schema_clean' AIRFLOW_CTX_EXECUTION_DATE='2025-05-01T00:00:00+00:00' AIRFLOW_CTX_TRY_NUMBER='1' AIRFLOW_CTX_DAG_RUN_ID='scheduled__2025-05-01T00:00:00+00:00'
[2025-05-26T03:58:27.275+0000] {python.py:183} INFO - Done. Returned value was: None
[2025-05-26T03:58:27.291+0000] {taskinstance.py:1368} INFO - Marking task as SUCCESS. dag_id=data_pipeline, task_id=create_schema_clean, execution_date=20250501T000000, start_date=20250526T035826, end_date=20250526T035827
[2025-05-26T03:58:27.345+0000] {local_task_job_runner.py:232} INFO - Task exited with return code 0
[2025-05-26T03:58:27.438+0000] {taskinstance.py:2674} INFO - 0 downstream tasks scheduled from follow-on schedule check
[2025-05-26T04:05:47.749+0000] {taskinstance.py:1125} INFO - Dependencies all met for dep_context=non-requeueable deps ti=<TaskInstance: data_pipeline.create_schema_clean scheduled__2025-05-01T00:00:00+00:00 [queued]>
[2025-05-26T04:05:47.769+0000] {taskinstance.py:1125} INFO - Dependencies all met for dep_context=requeueable deps ti=<TaskInstance: data_pipeline.create_schema_clean scheduled__2025-05-01T00:00:00+00:00 [queued]>
[2025-05-26T04:05:47.769+0000] {taskinstance.py:1331} INFO - Starting attempt 1 of 2
[2025-05-26T04:05:47.795+0000] {taskinstance.py:1350} INFO - Executing <Task(PythonOperator): create_schema_clean> on 2025-05-01 00:00:00+00:00
[2025-05-26T04:05:47.815+0000] {standard_task_runner.py:57} INFO - Started process 105 to run task
[2025-05-26T04:05:47.826+0000] {standard_task_runner.py:84} INFO - Running: ['***', 'tasks', 'run', 'data_pipeline', 'create_schema_clean', 'scheduled__2025-05-01T00:00:00+00:00', '--job-id', '6', '--raw', '--subdir', 'DAGS_FOLDER/data_pipeline.py', '--cfg-path', '/tmp/tmpaqls5ujz']
[2025-05-26T04:05:47.832+0000] {standard_task_runner.py:85} INFO - Job 6: Subtask create_schema_clean
[2025-05-26T04:05:47.930+0000] {task_command.py:410} INFO - Running <TaskInstance: data_pipeline.create_schema_clean scheduled__2025-05-01T00:00:00+00:00 [running]> on host 419e61ae62e7
[2025-05-26T04:05:48.079+0000] {taskinstance.py:1568} INFO - Exporting env vars: AIRFLOW_CTX_DAG_OWNER='***' AIRFLOW_CTX_DAG_ID='data_pipeline' AIRFLOW_CTX_TASK_ID='create_schema_clean' AIRFLOW_CTX_EXECUTION_DATE='2025-05-01T00:00:00+00:00' AIRFLOW_CTX_TRY_NUMBER='1' AIRFLOW_CTX_DAG_RUN_ID='scheduled__2025-05-01T00:00:00+00:00'
[2025-05-26T04:05:48.104+0000] {python.py:183} INFO - Done. Returned value was: None
[2025-05-26T04:05:48.129+0000] {taskinstance.py:1368} INFO - Marking task as SUCCESS. dag_id=data_pipeline, task_id=create_schema_clean, execution_date=20250501T000000, start_date=20250526T040547, end_date=20250526T040548
[2025-05-26T04:05:48.196+0000] {local_task_job_runner.py:232} INFO - Task exited with return code 0
[2025-05-26T04:05:48.259+0000] {taskinstance.py:2674} INFO - 1 downstream tasks scheduled from follow-on schedule check
[2025-05-26T04:17:33.744+0000] {taskinstance.py:1125} INFO - Dependencies all met for dep_context=non-requeueable deps ti=<TaskInstance: data_pipeline.create_schema_clean scheduled__2025-05-01T00:00:00+00:00 [queued]>
[2025-05-26T04:17:33.771+0000] {taskinstance.py:1125} INFO - Dependencies all met for dep_context=requeueable deps ti=<TaskInstance: data_pipeline.create_schema_clean scheduled__2025-05-01T00:00:00+00:00 [queued]>
[2025-05-26T04:17:33.772+0000] {taskinstance.py:1331} INFO - Starting attempt 1 of 2
[2025-05-26T04:17:33.811+0000] {taskinstance.py:1350} INFO - Executing <Task(PythonOperator): create_schema_clean> on 2025-05-01 00:00:00+00:00
[2025-05-26T04:17:33.826+0000] {standard_task_runner.py:57} INFO - Started process 309 to run task
[2025-05-26T04:17:33.841+0000] {standard_task_runner.py:84} INFO - Running: ['***', 'tasks', 'run', 'data_pipeline', 'create_schema_clean', 'scheduled__2025-05-01T00:00:00+00:00', '--job-id', '13', '--raw', '--subdir', 'DAGS_FOLDER/data_pipeline.py', '--cfg-path', '/tmp/tmpnptqr1vn']
[2025-05-26T04:17:33.847+0000] {standard_task_runner.py:85} INFO - Job 13: Subtask create_schema_clean
[2025-05-26T04:17:33.951+0000] {task_command.py:410} INFO - Running <TaskInstance: data_pipeline.create_schema_clean scheduled__2025-05-01T00:00:00+00:00 [running]> on host 419e61ae62e7
[2025-05-26T04:17:34.097+0000] {taskinstance.py:1568} INFO - Exporting env vars: AIRFLOW_CTX_DAG_OWNER='***' AIRFLOW_CTX_DAG_ID='data_pipeline' AIRFLOW_CTX_TASK_ID='create_schema_clean' AIRFLOW_CTX_EXECUTION_DATE='2025-05-01T00:00:00+00:00' AIRFLOW_CTX_TRY_NUMBER='1' AIRFLOW_CTX_DAG_RUN_ID='scheduled__2025-05-01T00:00:00+00:00'
[2025-05-26T04:17:34.115+0000] {python.py:183} INFO - Done. Returned value was: None
[2025-05-26T04:17:34.138+0000] {taskinstance.py:1368} INFO - Marking task as SUCCESS. dag_id=data_pipeline, task_id=create_schema_clean, execution_date=20250501T000000, start_date=20250526T041733, end_date=20250526T041734
[2025-05-26T04:17:34.207+0000] {local_task_job_runner.py:232} INFO - Task exited with return code 0
[2025-05-26T04:17:34.276+0000] {taskinstance.py:2674} INFO - 1 downstream tasks scheduled from follow-on schedule check
