[2025-05-26T03:33:34.729+0000] {taskinstance.py:1125} INFO - Dependencies all met for dep_context=non-requeueable deps ti=<TaskInstance: data_pipeline.create_schema_raw scheduled__2025-05-01T00:00:00+00:00 [queued]>
[2025-05-26T03:33:34.744+0000] {taskinstance.py:1125} INFO - Dependencies all met for dep_context=requeueable deps ti=<TaskInstance: data_pipeline.create_schema_raw scheduled__2025-05-01T00:00:00+00:00 [queued]>
[2025-05-26T03:33:34.746+0000] {taskinstance.py:1331} INFO - Starting attempt 1 of 2
[2025-05-26T03:33:34.769+0000] {taskinstance.py:1350} INFO - Executing <Task(PythonOperator): create_schema_raw> on 2025-05-01 00:00:00+00:00
[2025-05-26T03:33:34.782+0000] {standard_task_runner.py:57} INFO - Started process 6381 to run task
[2025-05-26T03:33:34.789+0000] {standard_task_runner.py:84} INFO - Running: ['***', 'tasks', 'run', 'data_pipeline', 'create_schema_raw', 'scheduled__2025-05-01T00:00:00+00:00', '--job-id', '8', '--raw', '--subdir', 'DAGS_FOLDER/data_pipeline.py', '--cfg-path', '/tmp/tmp1_jxuzsd']
[2025-05-26T03:33:34.796+0000] {standard_task_runner.py:85} INFO - Job 8: Subtask create_schema_raw
[2025-05-26T03:33:34.919+0000] {task_command.py:410} INFO - Running <TaskInstance: data_pipeline.create_schema_raw scheduled__2025-05-01T00:00:00+00:00 [running]> on host 65cea7b09e55
[2025-05-26T03:33:35.049+0000] {taskinstance.py:1568} INFO - Exporting env vars: AIRFLOW_CTX_DAG_OWNER='***' AIRFLOW_CTX_DAG_ID='data_pipeline' AIRFLOW_CTX_TASK_ID='create_schema_raw' AIRFLOW_CTX_EXECUTION_DATE='2025-05-01T00:00:00+00:00' AIRFLOW_CTX_TRY_NUMBER='1' AIRFLOW_CTX_DAG_RUN_ID='scheduled__2025-05-01T00:00:00+00:00'
[2025-05-26T03:33:35.074+0000] {python.py:183} INFO - Done. Returned value was: None
[2025-05-26T03:33:35.092+0000] {taskinstance.py:1368} INFO - Marking task as SUCCESS. dag_id=data_pipeline, task_id=create_schema_raw, execution_date=20250501T000000, start_date=20250526T033334, end_date=20250526T033335
[2025-05-26T03:33:35.162+0000] {local_task_job_runner.py:232} INFO - Task exited with return code 0
[2025-05-26T03:33:35.233+0000] {taskinstance.py:2674} INFO - 1 downstream tasks scheduled from follow-on schedule check
[2025-05-26T03:36:08.008+0000] {taskinstance.py:1125} INFO - Dependencies all met for dep_context=non-requeueable deps ti=<TaskInstance: data_pipeline.create_schema_raw scheduled__2025-05-01T00:00:00+00:00 [queued]>
[2025-05-26T03:36:08.024+0000] {taskinstance.py:1125} INFO - Dependencies all met for dep_context=requeueable deps ti=<TaskInstance: data_pipeline.create_schema_raw scheduled__2025-05-01T00:00:00+00:00 [queued]>
[2025-05-26T03:36:08.024+0000] {taskinstance.py:1331} INFO - Starting attempt 1 of 2
[2025-05-26T03:36:08.047+0000] {taskinstance.py:1350} INFO - Executing <Task(PythonOperator): create_schema_raw> on 2025-05-01 00:00:00+00:00
[2025-05-26T03:36:08.061+0000] {standard_task_runner.py:57} INFO - Started process 6415 to run task
[2025-05-26T03:36:08.079+0000] {standard_task_runner.py:84} INFO - Running: ['***', 'tasks', 'run', 'data_pipeline', 'create_schema_raw', 'scheduled__2025-05-01T00:00:00+00:00', '--job-id', '10', '--raw', '--subdir', 'DAGS_FOLDER/data_pipeline.py', '--cfg-path', '/tmp/tmp8qaliu5p']
[2025-05-26T03:36:08.090+0000] {standard_task_runner.py:85} INFO - Job 10: Subtask create_schema_raw
[2025-05-26T03:36:08.213+0000] {task_command.py:410} INFO - Running <TaskInstance: data_pipeline.create_schema_raw scheduled__2025-05-01T00:00:00+00:00 [running]> on host 65cea7b09e55
[2025-05-26T03:36:08.398+0000] {taskinstance.py:1568} INFO - Exporting env vars: AIRFLOW_CTX_DAG_OWNER='***' AIRFLOW_CTX_DAG_ID='data_pipeline' AIRFLOW_CTX_TASK_ID='create_schema_raw' AIRFLOW_CTX_EXECUTION_DATE='2025-05-01T00:00:00+00:00' AIRFLOW_CTX_TRY_NUMBER='1' AIRFLOW_CTX_DAG_RUN_ID='scheduled__2025-05-01T00:00:00+00:00'
[2025-05-26T03:36:08.417+0000] {python.py:183} INFO - Done. Returned value was: None
[2025-05-26T03:36:08.440+0000] {taskinstance.py:1368} INFO - Marking task as SUCCESS. dag_id=data_pipeline, task_id=create_schema_raw, execution_date=20250501T000000, start_date=20250526T033608, end_date=20250526T033608
[2025-05-26T03:36:08.482+0000] {local_task_job_runner.py:232} INFO - Task exited with return code 0
[2025-05-26T03:36:08.554+0000] {taskinstance.py:2674} INFO - 1 downstream tasks scheduled from follow-on schedule check
[2025-05-26T03:37:50.800+0000] {taskinstance.py:1125} INFO - Dependencies all met for dep_context=non-requeueable deps ti=<TaskInstance: data_pipeline.create_schema_raw scheduled__2025-05-01T00:00:00+00:00 [queued]>
[2025-05-26T03:37:50.821+0000] {taskinstance.py:1125} INFO - Dependencies all met for dep_context=requeueable deps ti=<TaskInstance: data_pipeline.create_schema_raw scheduled__2025-05-01T00:00:00+00:00 [queued]>
[2025-05-26T03:37:50.821+0000] {taskinstance.py:1331} INFO - Starting attempt 1 of 2
[2025-05-26T03:37:50.843+0000] {taskinstance.py:1350} INFO - Executing <Task(PythonOperator): create_schema_raw> on 2025-05-01 00:00:00+00:00
[2025-05-26T03:37:50.858+0000] {standard_task_runner.py:57} INFO - Started process 6457 to run task
[2025-05-26T03:37:50.867+0000] {standard_task_runner.py:84} INFO - Running: ['***', 'tasks', 'run', 'data_pipeline', 'create_schema_raw', 'scheduled__2025-05-01T00:00:00+00:00', '--job-id', '15', '--raw', '--subdir', 'DAGS_FOLDER/data_pipeline.py', '--cfg-path', '/tmp/tmpux1viid2']
[2025-05-26T03:37:50.872+0000] {standard_task_runner.py:85} INFO - Job 15: Subtask create_schema_raw
[2025-05-26T03:37:51.000+0000] {task_command.py:410} INFO - Running <TaskInstance: data_pipeline.create_schema_raw scheduled__2025-05-01T00:00:00+00:00 [running]> on host 65cea7b09e55
[2025-05-26T03:37:51.171+0000] {taskinstance.py:1568} INFO - Exporting env vars: AIRFLOW_CTX_DAG_OWNER='***' AIRFLOW_CTX_DAG_ID='data_pipeline' AIRFLOW_CTX_TASK_ID='create_schema_raw' AIRFLOW_CTX_EXECUTION_DATE='2025-05-01T00:00:00+00:00' AIRFLOW_CTX_TRY_NUMBER='1' AIRFLOW_CTX_DAG_RUN_ID='scheduled__2025-05-01T00:00:00+00:00'
[2025-05-26T03:37:51.211+0000] {python.py:183} INFO - Done. Returned value was: None
[2025-05-26T03:37:51.238+0000] {taskinstance.py:1368} INFO - Marking task as SUCCESS. dag_id=data_pipeline, task_id=create_schema_raw, execution_date=20250501T000000, start_date=20250526T033750, end_date=20250526T033751
[2025-05-26T03:37:51.285+0000] {local_task_job_runner.py:232} INFO - Task exited with return code 0
[2025-05-26T03:37:51.346+0000] {taskinstance.py:2674} INFO - 1 downstream tasks scheduled from follow-on schedule check
[2025-05-26T03:41:02.531+0000] {taskinstance.py:1125} INFO - Dependencies all met for dep_context=non-requeueable deps ti=<TaskInstance: data_pipeline.create_schema_raw scheduled__2025-05-01T00:00:00+00:00 [queued]>
[2025-05-26T03:41:02.554+0000] {taskinstance.py:1125} INFO - Dependencies all met for dep_context=requeueable deps ti=<TaskInstance: data_pipeline.create_schema_raw scheduled__2025-05-01T00:00:00+00:00 [queued]>
[2025-05-26T03:41:02.555+0000] {taskinstance.py:1331} INFO - Starting attempt 1 of 2
[2025-05-26T03:41:02.580+0000] {taskinstance.py:1350} INFO - Executing <Task(PythonOperator): create_schema_raw> on 2025-05-01 00:00:00+00:00
[2025-05-26T03:41:02.597+0000] {standard_task_runner.py:57} INFO - Started process 6509 to run task
[2025-05-26T03:41:02.605+0000] {standard_task_runner.py:84} INFO - Running: ['***', 'tasks', 'run', 'data_pipeline', 'create_schema_raw', 'scheduled__2025-05-01T00:00:00+00:00', '--job-id', '21', '--raw', '--subdir', 'DAGS_FOLDER/data_pipeline.py', '--cfg-path', '/tmp/tmpi9v26_b6']
[2025-05-26T03:41:02.611+0000] {standard_task_runner.py:85} INFO - Job 21: Subtask create_schema_raw
[2025-05-26T03:41:02.717+0000] {task_command.py:410} INFO - Running <TaskInstance: data_pipeline.create_schema_raw scheduled__2025-05-01T00:00:00+00:00 [running]> on host 65cea7b09e55
[2025-05-26T03:41:02.872+0000] {taskinstance.py:1568} INFO - Exporting env vars: AIRFLOW_CTX_DAG_OWNER='***' AIRFLOW_CTX_DAG_ID='data_pipeline' AIRFLOW_CTX_TASK_ID='create_schema_raw' AIRFLOW_CTX_EXECUTION_DATE='2025-05-01T00:00:00+00:00' AIRFLOW_CTX_TRY_NUMBER='1' AIRFLOW_CTX_DAG_RUN_ID='scheduled__2025-05-01T00:00:00+00:00'
[2025-05-26T03:41:02.890+0000] {python.py:183} INFO - Done. Returned value was: None
[2025-05-26T03:41:02.908+0000] {taskinstance.py:1368} INFO - Marking task as SUCCESS. dag_id=data_pipeline, task_id=create_schema_raw, execution_date=20250501T000000, start_date=20250526T034102, end_date=20250526T034102
[2025-05-26T03:41:02.976+0000] {local_task_job_runner.py:232} INFO - Task exited with return code 0
[2025-05-26T03:41:03.053+0000] {taskinstance.py:2674} INFO - 1 downstream tasks scheduled from follow-on schedule check
[2025-05-26T03:49:07.850+0000] {taskinstance.py:1125} INFO - Dependencies all met for dep_context=non-requeueable deps ti=<TaskInstance: data_pipeline.create_schema_raw scheduled__2025-05-01T00:00:00+00:00 [queued]>
[2025-05-26T03:49:07.868+0000] {taskinstance.py:1125} INFO - Dependencies all met for dep_context=requeueable deps ti=<TaskInstance: data_pipeline.create_schema_raw scheduled__2025-05-01T00:00:00+00:00 [queued]>
[2025-05-26T03:49:07.869+0000] {taskinstance.py:1331} INFO - Starting attempt 1 of 2
[2025-05-26T03:49:07.898+0000] {taskinstance.py:1350} INFO - Executing <Task(PythonOperator): create_schema_raw> on 2025-05-01 00:00:00+00:00
[2025-05-26T03:49:07.915+0000] {standard_task_runner.py:57} INFO - Started process 6640 to run task
[2025-05-26T03:49:07.922+0000] {standard_task_runner.py:84} INFO - Running: ['***', 'tasks', 'run', 'data_pipeline', 'create_schema_raw', 'scheduled__2025-05-01T00:00:00+00:00', '--job-id', '28', '--raw', '--subdir', 'DAGS_FOLDER/data_pipeline.py', '--cfg-path', '/tmp/tmpgti_nxqw']
[2025-05-26T03:49:07.928+0000] {standard_task_runner.py:85} INFO - Job 28: Subtask create_schema_raw
[2025-05-26T03:49:08.021+0000] {task_command.py:410} INFO - Running <TaskInstance: data_pipeline.create_schema_raw scheduled__2025-05-01T00:00:00+00:00 [running]> on host 65cea7b09e55
[2025-05-26T03:49:08.154+0000] {taskinstance.py:1568} INFO - Exporting env vars: AIRFLOW_CTX_DAG_OWNER='***' AIRFLOW_CTX_DAG_ID='data_pipeline' AIRFLOW_CTX_TASK_ID='create_schema_raw' AIRFLOW_CTX_EXECUTION_DATE='2025-05-01T00:00:00+00:00' AIRFLOW_CTX_TRY_NUMBER='1' AIRFLOW_CTX_DAG_RUN_ID='scheduled__2025-05-01T00:00:00+00:00'
[2025-05-26T03:49:08.173+0000] {python.py:183} INFO - Done. Returned value was: None
[2025-05-26T03:49:08.199+0000] {taskinstance.py:1368} INFO - Marking task as SUCCESS. dag_id=data_pipeline, task_id=create_schema_raw, execution_date=20250501T000000, start_date=20250526T034907, end_date=20250526T034908
[2025-05-26T03:49:08.260+0000] {local_task_job_runner.py:232} INFO - Task exited with return code 0
[2025-05-26T03:49:08.324+0000] {taskinstance.py:2674} INFO - 1 downstream tasks scheduled from follow-on schedule check
[2025-05-26T03:57:27.474+0000] {taskinstance.py:1125} INFO - Dependencies all met for dep_context=non-requeueable deps ti=<TaskInstance: data_pipeline.create_schema_raw scheduled__2025-05-01T00:00:00+00:00 [queued]>
[2025-05-26T03:57:27.496+0000] {taskinstance.py:1125} INFO - Dependencies all met for dep_context=requeueable deps ti=<TaskInstance: data_pipeline.create_schema_raw scheduled__2025-05-01T00:00:00+00:00 [queued]>
[2025-05-26T03:57:27.497+0000] {taskinstance.py:1331} INFO - Starting attempt 1 of 2
[2025-05-26T03:57:27.527+0000] {taskinstance.py:1350} INFO - Executing <Task(PythonOperator): create_schema_raw> on 2025-05-01 00:00:00+00:00
[2025-05-26T03:57:27.548+0000] {standard_task_runner.py:57} INFO - Started process 6801 to run task
[2025-05-26T03:57:27.559+0000] {standard_task_runner.py:84} INFO - Running: ['***', 'tasks', 'run', 'data_pipeline', 'create_schema_raw', 'scheduled__2025-05-01T00:00:00+00:00', '--job-id', '35', '--raw', '--subdir', 'DAGS_FOLDER/data_pipeline.py', '--cfg-path', '/tmp/tmp4579o4ts']
[2025-05-26T03:57:27.563+0000] {standard_task_runner.py:85} INFO - Job 35: Subtask create_schema_raw
[2025-05-26T03:57:27.662+0000] {task_command.py:410} INFO - Running <TaskInstance: data_pipeline.create_schema_raw scheduled__2025-05-01T00:00:00+00:00 [running]> on host 65cea7b09e55
[2025-05-26T03:57:27.787+0000] {taskinstance.py:1568} INFO - Exporting env vars: AIRFLOW_CTX_DAG_OWNER='***' AIRFLOW_CTX_DAG_ID='data_pipeline' AIRFLOW_CTX_TASK_ID='create_schema_raw' AIRFLOW_CTX_EXECUTION_DATE='2025-05-01T00:00:00+00:00' AIRFLOW_CTX_TRY_NUMBER='1' AIRFLOW_CTX_DAG_RUN_ID='scheduled__2025-05-01T00:00:00+00:00'
[2025-05-26T03:57:27.808+0000] {python.py:183} INFO - Done. Returned value was: None
[2025-05-26T03:57:27.830+0000] {taskinstance.py:1368} INFO - Marking task as SUCCESS. dag_id=data_pipeline, task_id=create_schema_raw, execution_date=20250501T000000, start_date=20250526T035727, end_date=20250526T035727
[2025-05-26T03:57:27.889+0000] {local_task_job_runner.py:232} INFO - Task exited with return code 0
[2025-05-26T03:57:27.933+0000] {taskinstance.py:2674} INFO - 1 downstream tasks scheduled from follow-on schedule check
[2025-05-26T04:05:26.039+0000] {taskinstance.py:1125} INFO - Dependencies all met for dep_context=non-requeueable deps ti=<TaskInstance: data_pipeline.create_schema_raw scheduled__2025-05-01T00:00:00+00:00 [queued]>
[2025-05-26T04:05:26.055+0000] {taskinstance.py:1125} INFO - Dependencies all met for dep_context=requeueable deps ti=<TaskInstance: data_pipeline.create_schema_raw scheduled__2025-05-01T00:00:00+00:00 [queued]>
[2025-05-26T04:05:26.055+0000] {taskinstance.py:1331} INFO - Starting attempt 1 of 2
[2025-05-26T04:05:26.075+0000] {taskinstance.py:1350} INFO - Executing <Task(PythonOperator): create_schema_raw> on 2025-05-01 00:00:00+00:00
[2025-05-26T04:05:26.091+0000] {standard_task_runner.py:57} INFO - Started process 74 to run task
[2025-05-26T04:05:26.104+0000] {standard_task_runner.py:84} INFO - Running: ['***', 'tasks', 'run', 'data_pipeline', 'create_schema_raw', 'scheduled__2025-05-01T00:00:00+00:00', '--job-id', '3', '--raw', '--subdir', 'DAGS_FOLDER/data_pipeline.py', '--cfg-path', '/tmp/tmptsixttil']
[2025-05-26T04:05:26.109+0000] {standard_task_runner.py:85} INFO - Job 3: Subtask create_schema_raw
[2025-05-26T04:05:26.245+0000] {task_command.py:410} INFO - Running <TaskInstance: data_pipeline.create_schema_raw scheduled__2025-05-01T00:00:00+00:00 [running]> on host 419e61ae62e7
[2025-05-26T04:05:26.431+0000] {taskinstance.py:1568} INFO - Exporting env vars: AIRFLOW_CTX_DAG_OWNER='***' AIRFLOW_CTX_DAG_ID='data_pipeline' AIRFLOW_CTX_TASK_ID='create_schema_raw' AIRFLOW_CTX_EXECUTION_DATE='2025-05-01T00:00:00+00:00' AIRFLOW_CTX_TRY_NUMBER='1' AIRFLOW_CTX_DAG_RUN_ID='scheduled__2025-05-01T00:00:00+00:00'
[2025-05-26T04:05:26.447+0000] {python.py:183} INFO - Done. Returned value was: None
[2025-05-26T04:05:26.468+0000] {taskinstance.py:1368} INFO - Marking task as SUCCESS. dag_id=data_pipeline, task_id=create_schema_raw, execution_date=20250501T000000, start_date=20250526T040526, end_date=20250526T040526
[2025-05-26T04:05:26.511+0000] {local_task_job_runner.py:232} INFO - Task exited with return code 0
[2025-05-26T04:05:26.571+0000] {taskinstance.py:2674} INFO - 1 downstream tasks scheduled from follow-on schedule check
[2025-05-26T04:17:10.165+0000] {taskinstance.py:1125} INFO - Dependencies all met for dep_context=non-requeueable deps ti=<TaskInstance: data_pipeline.create_schema_raw scheduled__2025-05-01T00:00:00+00:00 [queued]>
[2025-05-26T04:17:10.181+0000] {taskinstance.py:1125} INFO - Dependencies all met for dep_context=requeueable deps ti=<TaskInstance: data_pipeline.create_schema_raw scheduled__2025-05-01T00:00:00+00:00 [queued]>
[2025-05-26T04:17:10.181+0000] {taskinstance.py:1331} INFO - Starting attempt 1 of 2
[2025-05-26T04:17:10.203+0000] {taskinstance.py:1350} INFO - Executing <Task(PythonOperator): create_schema_raw> on 2025-05-01 00:00:00+00:00
[2025-05-26T04:17:10.220+0000] {standard_task_runner.py:57} INFO - Started process 285 to run task
[2025-05-26T04:17:10.232+0000] {standard_task_runner.py:84} INFO - Running: ['***', 'tasks', 'run', 'data_pipeline', 'create_schema_raw', 'scheduled__2025-05-01T00:00:00+00:00', '--job-id', '10', '--raw', '--subdir', 'DAGS_FOLDER/data_pipeline.py', '--cfg-path', '/tmp/tmpccbln0sw']
[2025-05-26T04:17:10.240+0000] {standard_task_runner.py:85} INFO - Job 10: Subtask create_schema_raw
[2025-05-26T04:17:10.354+0000] {task_command.py:410} INFO - Running <TaskInstance: data_pipeline.create_schema_raw scheduled__2025-05-01T00:00:00+00:00 [running]> on host 419e61ae62e7
[2025-05-26T04:17:10.517+0000] {taskinstance.py:1568} INFO - Exporting env vars: AIRFLOW_CTX_DAG_OWNER='***' AIRFLOW_CTX_DAG_ID='data_pipeline' AIRFLOW_CTX_TASK_ID='create_schema_raw' AIRFLOW_CTX_EXECUTION_DATE='2025-05-01T00:00:00+00:00' AIRFLOW_CTX_TRY_NUMBER='1' AIRFLOW_CTX_DAG_RUN_ID='scheduled__2025-05-01T00:00:00+00:00'
[2025-05-26T04:17:10.541+0000] {python.py:183} INFO - Done. Returned value was: None
[2025-05-26T04:17:10.561+0000] {taskinstance.py:1368} INFO - Marking task as SUCCESS. dag_id=data_pipeline, task_id=create_schema_raw, execution_date=20250501T000000, start_date=20250526T041710, end_date=20250526T041710
[2025-05-26T04:17:10.603+0000] {local_task_job_runner.py:232} INFO - Task exited with return code 0
[2025-05-26T04:17:10.661+0000] {taskinstance.py:2674} INFO - 1 downstream tasks scheduled from follow-on schedule check
[2025-05-26T04:41:47.926+0000] {taskinstance.py:1125} INFO - Dependencies all met for dep_context=non-requeueable deps ti=<TaskInstance: data_pipeline.create_schema_raw scheduled__2025-05-01T00:00:00+00:00 [queued]>
[2025-05-26T04:41:47.958+0000] {taskinstance.py:1125} INFO - Dependencies all met for dep_context=requeueable deps ti=<TaskInstance: data_pipeline.create_schema_raw scheduled__2025-05-01T00:00:00+00:00 [queued]>
[2025-05-26T04:41:47.960+0000] {taskinstance.py:1331} INFO - Starting attempt 1 of 2
[2025-05-26T04:41:47.994+0000] {taskinstance.py:1350} INFO - Executing <Task(PythonOperator): create_schema_raw> on 2025-05-01 00:00:00+00:00
[2025-05-26T04:41:48.017+0000] {standard_task_runner.py:57} INFO - Started process 649 to run task
[2025-05-26T04:41:48.041+0000] {standard_task_runner.py:84} INFO - Running: ['***', 'tasks', 'run', 'data_pipeline', 'create_schema_raw', 'scheduled__2025-05-01T00:00:00+00:00', '--job-id', '16', '--raw', '--subdir', 'DAGS_FOLDER/data_pipeline.py', '--cfg-path', '/tmp/tmp2263d492']
[2025-05-26T04:41:48.051+0000] {standard_task_runner.py:85} INFO - Job 16: Subtask create_schema_raw
[2025-05-26T04:41:48.189+0000] {task_command.py:410} INFO - Running <TaskInstance: data_pipeline.create_schema_raw scheduled__2025-05-01T00:00:00+00:00 [running]> on host 419e61ae62e7
[2025-05-26T04:41:48.347+0000] {taskinstance.py:1568} INFO - Exporting env vars: AIRFLOW_CTX_DAG_OWNER='***' AIRFLOW_CTX_DAG_ID='data_pipeline' AIRFLOW_CTX_TASK_ID='create_schema_raw' AIRFLOW_CTX_EXECUTION_DATE='2025-05-01T00:00:00+00:00' AIRFLOW_CTX_TRY_NUMBER='1' AIRFLOW_CTX_DAG_RUN_ID='scheduled__2025-05-01T00:00:00+00:00'
[2025-05-26T04:41:48.365+0000] {python.py:183} INFO - Done. Returned value was: None
[2025-05-26T04:41:48.383+0000] {taskinstance.py:1368} INFO - Marking task as SUCCESS. dag_id=data_pipeline, task_id=create_schema_raw, execution_date=20250501T000000, start_date=20250526T044147, end_date=20250526T044148
[2025-05-26T04:41:48.453+0000] {local_task_job_runner.py:232} INFO - Task exited with return code 0
[2025-05-26T04:41:48.546+0000] {taskinstance.py:2674} INFO - 0 downstream tasks scheduled from follow-on schedule check
