[2025-05-27T00:00:29.192+0000] {processor.py:156} INFO - Started process (PID=1062) to work on /opt/airflow/dags/data_pipeline.py
[2025-05-27T00:00:29.194+0000] {processor.py:799} INFO - Processing file /opt/airflow/dags/data_pipeline.py for tasks to queue
[2025-05-27T00:00:29.195+0000] {logging_mixin.py:149} INFO - [2025-05-27T00:00:29.195+0000] {dagbag.py:541} INFO - Filling up the DagBag from /opt/airflow/dags/data_pipeline.py
[2025-05-27T00:00:30.752+0000] {processor.py:809} INFO - DAG(s) dict_keys(['data_pipeline']) retrieved from /opt/airflow/dags/data_pipeline.py
[2025-05-27T00:00:30.803+0000] {logging_mixin.py:149} INFO - [2025-05-27T00:00:30.802+0000] {dag.py:2726} INFO - Sync 1 DAGs
[2025-05-27T00:00:30.836+0000] {logging_mixin.py:149} INFO - [2025-05-27T00:00:30.836+0000] {dag.py:3486} INFO - Setting next_dagrun for data_pipeline to None, run_after=None
[2025-05-27T00:00:30.866+0000] {processor.py:178} INFO - Processing /opt/airflow/dags/data_pipeline.py took 1.680 seconds
[2025-05-27T00:01:01.494+0000] {processor.py:156} INFO - Started process (PID=1093) to work on /opt/airflow/dags/data_pipeline.py
[2025-05-27T00:01:01.496+0000] {processor.py:799} INFO - Processing file /opt/airflow/dags/data_pipeline.py for tasks to queue
[2025-05-27T00:01:01.498+0000] {logging_mixin.py:149} INFO - [2025-05-27T00:01:01.497+0000] {dagbag.py:541} INFO - Filling up the DagBag from /opt/airflow/dags/data_pipeline.py
[2025-05-27T00:01:03.139+0000] {processor.py:809} INFO - DAG(s) dict_keys(['data_pipeline']) retrieved from /opt/airflow/dags/data_pipeline.py
[2025-05-27T00:01:03.188+0000] {logging_mixin.py:149} INFO - [2025-05-27T00:01:03.188+0000] {dag.py:2726} INFO - Sync 1 DAGs
[2025-05-27T00:01:03.231+0000] {logging_mixin.py:149} INFO - [2025-05-27T00:01:03.231+0000] {dag.py:3486} INFO - Setting next_dagrun for data_pipeline to None, run_after=None
[2025-05-27T00:01:03.261+0000] {processor.py:178} INFO - Processing /opt/airflow/dags/data_pipeline.py took 1.775 seconds
[2025-05-27T00:01:33.341+0000] {processor.py:156} INFO - Started process (PID=1124) to work on /opt/airflow/dags/data_pipeline.py
[2025-05-27T00:01:33.343+0000] {processor.py:799} INFO - Processing file /opt/airflow/dags/data_pipeline.py for tasks to queue
[2025-05-27T00:01:33.345+0000] {logging_mixin.py:149} INFO - [2025-05-27T00:01:33.345+0000] {dagbag.py:541} INFO - Filling up the DagBag from /opt/airflow/dags/data_pipeline.py
[2025-05-27T00:01:34.803+0000] {processor.py:809} INFO - DAG(s) dict_keys(['data_pipeline']) retrieved from /opt/airflow/dags/data_pipeline.py
[2025-05-27T00:01:35.073+0000] {logging_mixin.py:149} INFO - [2025-05-27T00:01:35.072+0000] {dag.py:2726} INFO - Sync 1 DAGs
[2025-05-27T00:01:35.105+0000] {logging_mixin.py:149} INFO - [2025-05-27T00:01:35.105+0000] {dag.py:3486} INFO - Setting next_dagrun for data_pipeline to None, run_after=None
[2025-05-27T00:01:35.138+0000] {processor.py:178} INFO - Processing /opt/airflow/dags/data_pipeline.py took 1.806 seconds
